[2018-04-24 15:37:37] [info] Start Program:
Path:"C:\Users\Andrei\Desktop\KeepCalmAndAdopt\KeepCalmAndAdoptAPet\x64\Debug\KeepCalmAndAdoptAPet.exe"
Arguments:
Working directory: "C:\Users\Andrei\Desktop\KeepCalmAndAdopt\KeepCalmAndAdoptAPet\"
Modules: Selected: C:\Users\Andrei\Desktop\KeepCalmAndAdopt\KeepCalmAndAdoptAPet\x64\Debug\KeepCalmAndAdoptAPet.exe Excluded: 
Sources: Selected: C:\Users\Andrei\Desktop\KeepCalmAndAdopt\KeepCalmAndAdoptAPet Excluded: 
Log Level: Normal
Cover Children: 0
Aggregate by file: 1
Continue after C++ exception: 0
Optimized build support: 0
Export: Binary C:\Users\Andrei\AppData\Local\Temp\xthqydz4.gtm 
Input coverage: 
Unified diff: 
Excluded line regular expressions: 

[2018-04-24 15:37:38] [info] Module: C:\Users\Andrei\Desktop\KeepCalmAndAdopt\KeepCalmAndAdoptAPet\x64\Debug\KeepCalmAndAdoptAPet.exe is selected because it matches selected pattern: C:\Users\Andrei\Desktop\KeepCalmAndAdopt\KeepCalmAndAdoptAPet\x64\Debug\KeepCalmAndAdoptAPet.exe
[2018-04-24 15:37:38] [info] Module: C:\Windows\System32\ntdll.dll is skipped because it matches no selected patterns
[2018-04-24 15:37:38] [info] Module: C:\Windows\System32\kernel32.dll is skipped because it matches no selected patterns
[2018-04-24 15:37:38] [info] Module: C:\Windows\System32\KernelBase.dll is skipped because it matches no selected patterns
[2018-04-24 15:37:38] [info] Module: C:\Windows\System32\msvcp140d.dll is skipped because it matches no selected patterns
[2018-04-24 15:37:38] [info] Module: C:\Windows\System32\vcruntime140d.dll is skipped because it matches no selected patterns
[2018-04-24 15:37:38] [info] Module: C:\Windows\System32\ucrtbased.dll is skipped because it matches no selected patterns
[2018-04-24 15:37:38] [info] Module: C:\Windows\System32\api-ms-win-core-localization-l1-2-0.dll is skipped because it matches no selected patterns
[2018-04-24 15:37:38] [info] Module: C:\Windows\System32\api-ms-win-core-processthreads-l1-1-1.dll is skipped because it matches no selected patterns
[2018-04-24 15:37:38] [info] Module: C:\Windows\System32\api-ms-win-core-file-l1-2-0.dll is skipped because it matches no selected patterns
[2018-04-24 15:37:38] [info] Module: C:\Windows\System32\api-ms-win-core-timezone-l1-1-0.dll is skipped because it matches no selected patterns
[2018-04-24 15:37:38] [info] Module: C:\Windows\System32\api-ms-win-core-file-l2-1-0.dll is skipped because it matches no selected patterns
[2018-04-24 15:37:38] [info] Module: C:\Windows\System32\api-ms-win-core-synch-l1-2-0.dll is skipped because it matches no selected patterns
[2018-04-24 15:37:38] [info] Module: C:\Windows\System32\apphelp.dll is skipped because it matches no selected patterns
[2018-04-24 15:37:40] [info] ----------------------------------------------------
[2018-04-24 15:37:40] [info] Coverage binary generated in file: C:\Users\Andrei\AppData\Local\Temp\xthqydz4.gtm
[2018-04-24 15:37:40] [info] ----------------------------------------------------
